<?xml version="1.0" encoding="UTF-8"?>
<!-- Generated by org.testng.reporters.JUnitReportReporter -->
<testsuite hostname="DESKTOP-MB86S1A" failures="0" tests="1" name="TestCases.verifySignupPage" time="14.317" errors="0" timestamp="2023-04-23T15:39:42 IST" skipped="0">
  <testcase classname="TestCases.verifySignupPage" name="singuppage" time="14.317"/>
  <system-out/>
</testsuite> <!-- TestCases.verifySignupPage -->
